<?xml version="1.0" encoding="UTF-8"?>
<!-- Generated by org.testng.reporters.JUnitXMLReporter -->
<testsuite ignored="2" hostname="DESKTOP-CBAH624" failures="1" tests="2" name="Test" time="39.442" errors="0" timestamp="26 Nov 2024 16:58:08 GMT">
  <testcase classname="com.OrangeHRM.TestCases.DashBoardTest" name="panelListCheck" time="5.162">
    <failure type="java.lang.AssertionError" message="null">
      <![CDATA[java.lang.AssertionError: null
at com.OrangeHRM.TestCases.DashBoardTest.panelListCheck(DashBoardTest.java:19)
... Removed 27 stack frames]]>
    </failure>
  </testcase> <!-- panelListCheck -->
  <testcase classname="com.OrangeHRM.TestCases.AdminPageTest" name="ToCheckAdminPageSearch" time="0.0">
    <skipped/>
  </testcase> <!-- ToCheckAdminPageSearch -->
  <testcase classname="com.OrangeHRM.Base.TestBase" name="@AfterSuite openReport" time="0.0">
    <ignored/>
  </testcase> <!-- @AfterSuite openReport -->
  <testcase classname="com.OrangeHRM.Base.TestBase" name="@AfterSuite openReport" time="0.0">
    <ignored/>
  </testcase> <!-- @AfterSuite openReport -->
</testsuite> <!-- Test -->
